[debug] [2022-04-28T15:52:57.782Z] ----------------------------------------------------------------------
[debug] [2022-04-28T15:52:57.784Z] Command:       C:\Program Files\nodejs\node.exe C:\Users\rahad\AppData\Roaming\npm\node_modules\firebase-tools\lib\bin\firebase.js init
[debug] [2022-04-28T15:52:57.785Z] CLI Version:   10.7.1
[debug] [2022-04-28T15:52:57.786Z] Platform:      win32
[debug] [2022-04-28T15:52:57.786Z] Node Version:  v16.13.0
[debug] [2022-04-28T15:52:57.790Z] Time:          Thu Apr 28 2022 21:52:57 GMT+0600 (Bangladesh Standard Time)
[debug] [2022-04-28T15:52:57.790Z] ----------------------------------------------------------------------
[debug] 
[debug] [2022-04-28T15:52:57.899Z] > command requires scopes: ["email","openid","https://www.googleapis.com/auth/cloudplatformprojects.readonly","https://www.googleapis.com/auth/firebase","https://www.googleapis.com/auth/cloud-platform"]
[debug] [2022-04-28T15:52:57.900Z] > authorizing via signed-in user (rahad.niter@gmail.com)
[info] 
     ######## #### ########  ######## ########     ###     ######  ########
     ##        ##  ##     ## ##       ##     ##  ##   ##  ##       ##
     ######    ##  ########  ######   ########  #########  ######  ######
     ##        ##  ##    ##  ##       ##     ## ##     ##       ## ##
     ##       #### ##     ## ######## ########  ##     ##  ######  ########

You're about to initialize a Firebase project in this directory:

  C:\Conceptual Sessions\genius-car-service-map-module-63-5

Before we get started, keep in mind:

  * You are currently outside your home directory
  * You are initializing within an existing Firebase project directory

[info] 
=== Project Setup
[info] 
[info] First, let's associate this project directory with a Firebase project.
[info] You can create multiple project aliases by running firebase use --add, 
[info] but for now we'll just set up a default project.
[info] 
[debug] [2022-04-28T15:53:28.816Z] Using project from CLI flag: genius-car-services-18c77
[debug] [2022-04-28T15:53:28.821Z] >>> [apiv2][query] GET https://firebase.googleapis.com/v1beta1/projects/genius-car-services-18c77 [none]
[debug] [2022-04-28T15:53:29.520Z] <<< [apiv2][status] GET https://firebase.googleapis.com/v1beta1/projects/genius-car-services-18c77 403
[debug] [2022-04-28T15:53:29.521Z] <<< [apiv2][body] GET https://firebase.googleapis.com/v1beta1/projects/genius-car-services-18c77 {"error":{"code":403,"message":"The caller does not have permission","status":"PERMISSION_DENIED"}}
[debug] [2022-04-28T15:53:29.521Z] HTTP Error: 403, The caller does not have permission
[debug] [2022-04-28T15:53:29.894Z] FirebaseError: HTTP Error: 403, The caller does not have permission
    at module.exports (C:\Users\rahad\AppData\Roaming\npm\node_modules\firebase-tools\lib\responseToError.js:47:12)
    at RetryOperation._fn (C:\Users\rahad\AppData\Roaming\npm\node_modules\firebase-tools\lib\apiv2.js:286:39)
    at processTicksAndRejections (node:internal/process/task_queues:96:5)
[error] 
[error] Error: Failed to get Firebase project genius-car-services-18c77. Please make sure the project exists and your account has permission to access it.
[debug] [2022-04-28T15:55:07.720Z] ----------------------------------------------------------------------
[debug] [2022-04-28T15:55:07.723Z] Command:       C:\Program Files\nodejs\node.exe C:\Users\rahad\AppData\Roaming\npm\node_modules\firebase-tools\lib\bin\firebase.js deploy
[debug] [2022-04-28T15:55:07.723Z] CLI Version:   10.7.1
[debug] [2022-04-28T15:55:07.723Z] Platform:      win32
[debug] [2022-04-28T15:55:07.724Z] Node Version:  v16.13.0
[debug] [2022-04-28T15:55:07.728Z] Time:          Thu Apr 28 2022 21:55:07 GMT+0600 (Bangladesh Standard Time)
[debug] [2022-04-28T15:55:07.728Z] ----------------------------------------------------------------------
[debug] 
[debug] [2022-04-28T15:55:07.828Z] > command requires scopes: ["email","openid","https://www.googleapis.com/auth/cloudplatformprojects.readonly","https://www.googleapis.com/auth/firebase","https://www.googleapis.com/auth/cloud-platform"]
[debug] [2022-04-28T15:55:07.829Z] > authorizing via signed-in user (rahad.niter@gmail.com)
[debug] [2022-04-28T15:55:07.829Z] [iam] checking project genius-car-services-18c77 for permissions ["firebase.projects.get","firebasehosting.sites.update"]
[debug] [2022-04-28T15:55:07.833Z] >>> [apiv2][query] POST https://cloudresourcemanager.googleapis.com/v1/projects/genius-car-services-18c77:testIamPermissions [none]
[debug] [2022-04-28T15:55:07.833Z] >>> [apiv2][body] POST https://cloudresourcemanager.googleapis.com/v1/projects/genius-car-services-18c77:testIamPermissions {"permissions":["firebase.projects.get","firebasehosting.sites.update"]}
[debug] [2022-04-28T15:55:09.786Z] <<< [apiv2][status] POST https://cloudresourcemanager.googleapis.com/v1/projects/genius-car-services-18c77:testIamPermissions 200
[debug] [2022-04-28T15:55:09.787Z] <<< [apiv2][body] POST https://cloudresourcemanager.googleapis.com/v1/projects/genius-car-services-18c77:testIamPermissions {}
[debug] [2022-04-28T15:55:09.788Z] [iam] error while checking permissions, command may fail: FirebaseError: Authorization failed. This account is missing the following required permissions on project genius-car-services-18c77:

  firebase.projects.get
  firebasehosting.sites.update
[debug] [2022-04-28T15:55:09.790Z] >>> [apiv2][query] GET https://firebase.googleapis.com/v1beta1/projects/genius-car-services-18c77 [none]
[debug] [2022-04-28T15:55:10.434Z] <<< [apiv2][status] GET https://firebase.googleapis.com/v1beta1/projects/genius-car-services-18c77 403
[debug] [2022-04-28T15:55:10.434Z] <<< [apiv2][body] GET https://firebase.googleapis.com/v1beta1/projects/genius-car-services-18c77 {"error":{"code":403,"message":"The caller does not have permission","status":"PERMISSION_DENIED"}}
[debug] [2022-04-28T15:55:10.438Z] HTTP Error: 403, The caller does not have permission
[debug] [2022-04-28T15:55:10.801Z] FirebaseError: HTTP Error: 403, The caller does not have permission
    at module.exports (C:\Users\rahad\AppData\Roaming\npm\node_modules\firebase-tools\lib\responseToError.js:47:12)
    at RetryOperation._fn (C:\Users\rahad\AppData\Roaming\npm\node_modules\firebase-tools\lib\apiv2.js:286:39)
    at processTicksAndRejections (node:internal/process/task_queues:96:5)
[error] 
[error] Error: Failed to get Firebase project genius-car-services-18c77. Please make sure the project exists and your account has permission to access it.
